<?xml version="1.0" encoding="UTF-8"?>
<testng-results ignored="0" total="1" passed="1" failed="0" skipped="0">
  <reporter-output>
  </reporter-output>
  <suite started-at="2026-05-11T20:55:47 IST" name="Suite" finished-at="2026-05-11T20:55:48 IST" duration-ms="95">
    <groups>
    </groups>
    <test started-at="2026-05-11T20:55:47 IST" name="Test" finished-at="2026-05-11T20:55:48 IST" duration-ms="95">
      <class name="practiceDemoPackage.testNg2">
        <test-method signature="openpage()[pri:0, instance:practiceDemoPackage.testNg2@74f0ea28]" started-at="2026-05-11T20:55:48 IST" name="openpage" finished-at="2026-05-11T20:55:48 IST" duration-ms="27" status="PASS">
          <reporter-output>
          </reporter-output>
        </test-method> <!-- openpage -->
      </class> <!-- practiceDemoPackage.testNg2 -->
    </test> <!-- Test -->
  </suite> <!-- Suite -->
</testng-results>
