<?xml version="1.0" encoding="UTF-8"?>
<!-- Generated by org.testng.reporters.JUnitReportReporter -->
<testsuite hostname="Archana" failures="0" tests="2" name="practiceDemoPackage.DemoPractice1" time="3.614" errors="0" timestamp="2026-03-28T19:49:08 IST" skipped="0">
  <testcase classname="practiceDemoPackage.DemoPractice1" name="VerifivisibiltyOfPage" time="0.102"/>
  <testcase classname="practiceDemoPackage.DemoPractice1" name="clickOnLogin" time="3.512"/>
</testsuite> <!-- practiceDemoPackage.DemoPractice1 -->
